# JRE version: OpenJDK Runtime Environment Temurin-21.0.10+7 (21.0.10+7) (build 21.0.10+7-LTS)
# Java VM: OpenJDK 64-Bit Server VM Temurin-21.0.10+7 (21.0.10+7-LTS, mixed mode, sharing, tiered, compressed oops, compressed class ptrs, parallel gc, windows-amd64)
GC Precious Log:
 CardTable entry size: 512
 CPUs: 16 total, 16 available
 Memory: 15724M
 Large Page Support: Disabled
 NUMA Support: Disabled
 Compressed Oops: Enabled (32-bit)
 Alignments: Space 512K, Generation 512K, Heap 2M
 Heap Min Capacity: 100M
 Heap Initial Capacity: 100M
 Heap Max Capacity: 2G
 Pre-touch: Disabled
 Parallel Workers: 13
Heap:
 PSYoungGen      total 3584K, used 1486K [0x00000000d5580000, 0x00000000d5a00000, 0x0000000100000000)
  eden space 3072K, 34% used [0x00000000d5580000,0x00000000d568bbd0,0x00000000d5880000)
  from space 512K, 81% used [0x00000000d5980000,0x00000000d59e8000,0x00000000d5a00000)
  to   space 512K, 0% used [0x00000000d5900000,0x00000000d5900000,0x00000000d5980000)
 ParOldGen       total 525824K, used 218998K [0x0000000080000000, 0x00000000a0180000, 0x00000000d5580000)
  object space 525824K, 41% used [0x0000000080000000,0x000000008d5dd938,0x00000000a0180000)
 Metaspace       used 62987K, committed 64448K, reserved 1114112K
  class space    used 6578K, committed 7168K, reserved 1048576K
GC Heap History (20 events):
Event: 51.594 GC heap before
{Heap before GC invocations=592 (full 3):
 PSYoungGen      total 4096K, used 3920K [0x00000000d5580000, 0x00000000d5a80000, 0x0000000100000000)
  eden space 3072K, 100% used [0x00000000d5580000,0x00000000d5880000,0x00000000d5880000)
  from space 1024K, 82% used [0x00000000d5980000,0x00000000d5a54010,0x00000000d5a80000)
  to   space 1024K, 0% used [0x00000000d5880000,0x00000000d5880000,0x00000000d5980000)
 ParOldGen       total 525824K, used 216922K [0x0000000080000000, 0x00000000a0180000, 0x00000000d5580000)
  object space 525824K, 41% used [0x0000000080000000,0x000000008d3d6b88,0x00000000a0180000)
 Metaspace       used 62406K, committed 63872K, reserved 1114112K
  class space    used 6498K, committed 7104K, reserved 1048576K
}
Event: 51.595 GC heap after
{Heap after GC invocations=592 (full 3):
 PSYoungGen      total 4096K, used 352K [0x00000000d5580000, 0x00000000d5a80000, 0x0000000100000000)
  eden space 3072K, 0% used [0x00000000d5580000,0x00000000d5580000,0x00000000d5880000)
  from space 1024K, 34% used [0x00000000d5880000,0x00000000d58d8000,0x00000000d5980000)
  to   space 1024K, 0% used [0x00000000d5980000,0x00000000d5980000,0x00000000d5a80000)
 ParOldGen       total 525824K, used 217462K [0x0000000080000000, 0x00000000a0180000, 0x00000000d5580000)
  object space 525824K, 41% used [0x0000000080000000,0x000000008d45d938,0x00000000a0180000)
 Metaspace       used 62406K, committed 63872K, reserved 1114112K
  class space    used 6498K, committed 7104K, reserved 1048576K
}
Event: 51.617 GC heap before
{Heap before GC invocations=593 (full 3):
 PSYoungGen      total 4096K, used 3424K [0x00000000d5580000, 0x00000000d5a80000, 0x0000000100000000)
  eden space 3072K, 100% used [0x00000000d5580000,0x00000000d5880000,0x00000000d5880000)
  from space 1024K, 34% used [0x00000000d5880000,0x00000000d58d8000,0x00000000d5980000)
  to   space 1024K, 0% used [0x00000000d5980000,0x00000000d5980000,0x00000000d5a80000)
 ParOldGen       total 525824K, used 217462K [0x0000000080000000, 0x00000000a0180000, 0x00000000d5580000)
  object space 525824K, 41% used [0x0000000080000000,0x000000008d45d938,0x00000000a0180000)
 Metaspace       used 62406K, committed 63872K, reserved 1114112K
  class space    used 6498K, committed 7104K, reserved 1048576K
}
Event: 51.617 GC heap after
{Heap after GC invocations=593 (full 3):
 PSYoungGen      total 3584K, used 480K [0x00000000d5580000, 0x00000000d5a00000, 0x0000000100000000)
  eden space 3072K, 0% used [0x00000000d5580000,0x00000000d5580000,0x00000000d5880000)
  from space 512K, 93% used [0x00000000d5980000,0x00000000d59f8000,0x00000000d5a00000)
  to   space 512K, 0% used [0x00000000d5900000,0x00000000d5900000,0x00000000d5980000)
 ParOldGen       total 525824K, used 217574K [0x0000000080000000, 0x00000000a0180000, 0x00000000d5580000)
  object space 525824K, 41% used [0x0000000080000000,0x000000008d479938,0x00000000a0180000)
 Metaspace       used 62406K, committed 63872K, reserved 1114112K
  class space    used 6498K, committed 7104K, reserved 1048576K
}
Event: 51.641 GC heap before
{Heap before GC invocations=594 (full 3):
 PSYoungGen      total 3584K, used 3551K [0x00000000d5580000, 0x00000000d5a00000, 0x0000000100000000)
  eden space 3072K, 99% used [0x00000000d5580000,0x00000000d587ffe8,0x00000000d5880000)
  from space 512K, 93% used [0x00000000d5980000,0x00000000d59f8000,0x00000000d5a00000)
  to   space 512K, 0% used [0x00000000d5900000,0x00000000d5900000,0x00000000d5980000)
 ParOldGen       total 525824K, used 217574K [0x0000000080000000, 0x00000000a0180000, 0x00000000d5580000)
  object space 525824K, 41% used [0x0000000080000000,0x000000008d479938,0x00000000a0180000)
 Metaspace       used 62406K, committed 63872K, reserved 1114112K
  class space    used 6498K, committed 7104K, reserved 1048576K
}
Event: 51.642 GC heap after
{Heap after GC invocations=594 (full 3):
 PSYoungGen      total 3584K, used 384K [0x00000000d5580000, 0x00000000d5a00000, 0x0000000100000000)
  eden space 3072K, 0% used [0x00000000d5580000,0x00000000d5580000,0x00000000d5880000)
  from space 512K, 75% used [0x00000000d5900000,0x00000000d5960000,0x00000000d5980000)
  to   space 512K, 0% used [0x00000000d5980000,0x00000000d5980000,0x00000000d5a00000)
 ParOldGen       total 525824K, used 217774K [0x0000000080000000, 0x00000000a0180000, 0x00000000d5580000)
  object space 525824K, 41% used [0x0000000080000000,0x000000008d4ab938,0x00000000a0180000)
 Metaspace       used 62406K, committed 63872K, reserved 1114112K
  class space    used 6498K, committed 7104K, reserved 1048576K
}
Event: 51.670 GC heap before
{Heap before GC invocations=595 (full 3):
 PSYoungGen      total 3584K, used 3456K [0x00000000d5580000, 0x00000000d5a00000, 0x0000000100000000)
  eden space 3072K, 100% used [0x00000000d5580000,0x00000000d5880000,0x00000000d5880000)
  from space 512K, 75% used [0x00000000d5900000,0x00000000d5960000,0x00000000d5980000)
  to   space 512K, 0% used [0x00000000d5980000,0x00000000d5980000,0x00000000d5a00000)
 ParOldGen       total 525824K, used 217774K [0x0000000080000000, 0x00000000a0180000, 0x00000000d5580000)
  object space 525824K, 41% used [0x0000000080000000,0x000000008d4ab938,0x00000000a0180000)
 Metaspace       used 62406K, committed 63872K, reserved 1114112K
  class space    used 6498K, committed 7104K, reserved 1048576K
}
Event: 51.672 GC heap after
{Heap after GC invocations=595 (full 3):
 PSYoungGen      total 3584K, used 400K [0x00000000d5580000, 0x00000000d5a00000, 0x0000000100000000)
  eden space 3072K, 0% used [0x00000000d5580000,0x00000000d5580000,0x00000000d5880000)
  from space 512K, 78% used [0x00000000d5980000,0x00000000d59e4010,0x00000000d5a00000)
  to   space 512K, 0% used [0x00000000d5900000,0x00000000d5900000,0x00000000d5980000)
 ParOldGen       total 525824K, used 217918K [0x0000000080000000, 0x00000000a0180000, 0x00000000d5580000)
  object space 525824K, 41% used [0x0000000080000000,0x000000008d4cf938,0x00000000a0180000)
 Metaspace       used 62406K, committed 63872K, reserved 1114112K
  class space    used 6498K, committed 7104K, reserved 1048576K
}
Event: 51.695 GC heap before
{Heap before GC invocations=596 (full 3):
 PSYoungGen      total 3584K, used 3466K [0x00000000d5580000, 0x00000000d5a00000, 0x0000000100000000)
  eden space 3072K, 99% used [0x00000000d5580000,0x00000000d587eb78,0x00000000d5880000)
  from space 512K, 78% used [0x00000000d5980000,0x00000000d59e4010,0x00000000d5a00000)
  to   space 512K, 0% used [0x00000000d5900000,0x00000000d5900000,0x00000000d5980000)
 ParOldGen       total 525824K, used 217918K [0x0000000080000000, 0x00000000a0180000, 0x00000000d5580000)
  object space 525824K, 41% used [0x0000000080000000,0x000000008d4cf938,0x00000000a0180000)
 Metaspace       used 62409K, committed 63872K, reserved 1114112K
  class space    used 6498K, committed 7104K, reserved 1048576K
}
Event: 51.696 GC heap after
{Heap after GC invocations=596 (full 3):
 PSYoungGen      total 3584K, used 384K [0x00000000d5580000, 0x00000000d5a00000, 0x0000000100000000)
  eden space 3072K, 0% used [0x00000000d5580000,0x00000000d5580000,0x00000000d5880000)
  from space 512K, 75% used [0x00000000d5900000,0x00000000d5960000,0x00000000d5980000)
  to   space 512K, 0% used [0x00000000d5980000,0x00000000d5980000,0x00000000d5a00000)
 ParOldGen       total 525824K, used 218118K [0x0000000080000000, 0x00000000a0180000, 0x00000000d5580000)
  object space 525824K, 41% used [0x0000000080000000,0x000000008d501938,0x00000000a0180000)
 Metaspace       used 62409K, committed 63872K, reserved 1114112K
  class space    used 6498K, committed 7104K, reserved 1048576K
}
Event: 51.722 GC heap before
{Heap before GC invocations=597 (full 3):
 PSYoungGen      total 3584K, used 3456K [0x00000000d5580000, 0x00000000d5a00000, 0x0000000100000000)
  eden space 3072K, 100% used [0x00000000d5580000,0x00000000d5880000,0x00000000d5880000)
  from space 512K, 75% used [0x00000000d5900000,0x00000000d5960000,0x00000000d5980000)
  to   space 512K, 0% used [0x00000000d5980000,0x00000000d5980000,0x00000000d5a00000)
 ParOldGen       total 525824K, used 218118K [0x0000000080000000, 0x00000000a0180000, 0x00000000d5580000)
  object space 525824K, 41% used [0x0000000080000000,0x000000008d501938,0x00000000a0180000)
 Metaspace       used 62409K, committed 63872K, reserved 1114112K
  class space    used 6498K, committed 7104K, reserved 1048576K
}
Event: 51.723 GC heap after
{Heap after GC invocations=597 (full 3):
 PSYoungGen      total 3584K, used 320K [0x00000000d5580000, 0x00000000d5a00000, 0x0000000100000000)
  eden space 3072K, 0% used [0x00000000d5580000,0x00000000d5580000,0x00000000d5880000)
  from space 512K, 62% used [0x00000000d5980000,0x00000000d59d0000,0x00000000d5a00000)
  to   space 512K, 0% used [0x00000000d5900000,0x00000000d5900000,0x00000000d5980000)
 ParOldGen       total 525824K, used 218350K [0x0000000080000000, 0x00000000a0180000, 0x00000000d5580000)
  object space 525824K, 41% used [0x0000000080000000,0x000000008d53b938,0x00000000a0180000)
 Metaspace       used 62409K, committed 63872K, reserved 1114112K
  class space    used 6498K, committed 7104K, reserved 1048576K
}
Event: 51.754 GC heap before
{Heap before GC invocations=598 (full 3):
 PSYoungGen      total 3584K, used 3392K [0x00000000d5580000, 0x00000000d5a00000, 0x0000000100000000)
  eden space 3072K, 100% used [0x00000000d5580000,0x00000000d5880000,0x00000000d5880000)
  from space 512K, 62% used [0x00000000d5980000,0x00000000d59d0000,0x00000000d5a00000)
  to   space 512K, 0% used [0x00000000d5900000,0x00000000d5900000,0x00000000d5980000)
 ParOldGen       total 525824K, used 218350K [0x0000000080000000, 0x00000000a0180000, 0x00000000d5580000)
  object space 525824K, 41% used [0x0000000080000000,0x000000008d53b938,0x00000000a0180000)
 Metaspace       used 62431K, committed 63872K, reserved 1114112K
  class space    used 6503K, committed 7104K, reserved 1048576K
}
Event: 51.756 GC heap after
{Heap after GC invocations=598 (full 3):
 PSYoungGen      total 3584K, used 352K [0x00000000d5580000, 0x00000000d5a00000, 0x0000000100000000)
  eden space 3072K, 0% used [0x00000000d5580000,0x00000000d5580000,0x00000000d5880000)
  from space 512K, 68% used [0x00000000d5900000,0x00000000d5958000,0x00000000d5980000)
  to   space 512K, 0% used [0x00000000d5980000,0x00000000d5980000,0x00000000d5a00000)
 ParOldGen       total 525824K, used 218422K [0x0000000080000000, 0x00000000a0180000, 0x00000000d5580000)
  object space 525824K, 41% used [0x0000000080000000,0x000000008d54d938,0x00000000a0180000)
 Metaspace       used 62431K, committed 63872K, reserved 1114112K
  class space    used 6503K, committed 7104K, reserved 1048576K
}
Event: 51.826 GC heap before
{Heap before GC invocations=599 (full 3):
 PSYoungGen      total 3584K, used 3424K [0x00000000d5580000, 0x00000000d5a00000, 0x0000000100000000)
  eden space 3072K, 100% used [0x00000000d5580000,0x00000000d5880000,0x00000000d5880000)
  from space 512K, 68% used [0x00000000d5900000,0x00000000d5958000,0x00000000d5980000)
  to   space 512K, 0% used [0x00000000d5980000,0x00000000d5980000,0x00000000d5a00000)
 ParOldGen       total 525824K, used 218422K [0x0000000080000000, 0x00000000a0180000, 0x00000000d5580000)
  object space 525824K, 41% used [0x0000000080000000,0x000000008d54d938,0x00000000a0180000)
 Metaspace       used 62571K, committed 64000K, reserved 1114112K
  class space    used 6532K, committed 7104K, reserved 1048576K
}
Event: 51.827 GC heap after
{Heap after GC invocations=599 (full 3):
 PSYoungGen      total 3584K, used 384K [0x00000000d5580000, 0x00000000d5a00000, 0x0000000100000000)
  eden space 3072K, 0% used [0x00000000d5580000,0x00000000d5580000,0x00000000d5880000)
  from space 512K, 75% used [0x00000000d5980000,0x00000000d59e0000,0x00000000d5a00000)
  to   space 512K, 0% used [0x00000000d5900000,0x00000000d5900000,0x00000000d5980000)
 ParOldGen       total 525824K, used 218638K [0x0000000080000000, 0x00000000a0180000, 0x00000000d5580000)
  object space 525824K, 41% used [0x0000000080000000,0x000000008d583938,0x00000000a0180000)
 Metaspace       used 62571K, committed 64000K, reserved 1114112K
  class space    used 6532K, committed 7104K, reserved 1048576K
}
Event: 51.918 GC heap before
{Heap before GC invocations=600 (full 3):
 PSYoungGen      total 3584K, used 3456K [0x00000000d5580000, 0x00000000d5a00000, 0x0000000100000000)
  eden space 3072K, 100% used [0x00000000d5580000,0x00000000d5880000,0x00000000d5880000)
  from space 512K, 75% used [0x00000000d5980000,0x00000000d59e0000,0x00000000d5a00000)
  to   space 512K, 0% used [0x00000000d5900000,0x00000000d5900000,0x00000000d5980000)
 ParOldGen       total 525824K, used 218638K [0x0000000080000000, 0x00000000a0180000, 0x00000000d5580000)
  object space 525824K, 41% used [0x0000000080000000,0x000000008d583938,0x00000000a0180000)
 Metaspace       used 62664K, committed 64128K, reserved 1114112K
  class space    used 6547K, committed 7168K, reserved 1048576K
}
Event: 51.920 GC heap after
{Heap after GC invocations=600 (full 3):
 PSYoungGen      total 3584K, used 384K [0x00000000d5580000, 0x00000000d5a00000, 0x0000000100000000)
  eden space 3072K, 0% used [0x00000000d5580000,0x00000000d5580000,0x00000000d5880000)
  from space 512K, 75% used [0x00000000d5900000,0x00000000d5960000,0x00000000d5980000)
  to   space 512K, 0% used [0x00000000d5980000,0x00000000d5980000,0x00000000d5a00000)
 ParOldGen       total 525824K, used 218902K [0x0000000080000000, 0x00000000a0180000, 0x00000000d5580000)
  object space 525824K, 41% used [0x0000000080000000,0x000000008d5c5938,0x00000000a0180000)
 Metaspace       used 62664K, committed 64128K, reserved 1114112K
  class space    used 6547K, committed 7168K, reserved 1048576K
}
Event: 349.764 GC heap before
{Heap before GC invocations=601 (full 3):
 PSYoungGen      total 3584K, used 3455K [0x00000000d5580000, 0x00000000d5a00000, 0x0000000100000000)
  eden space 3072K, 99% used [0x00000000d5580000,0x00000000d587fff0,0x00000000d5880000)
  from space 512K, 75% used [0x00000000d5900000,0x00000000d5960000,0x00000000d5980000)
  to   space 512K, 0% used [0x00000000d5980000,0x00000000d5980000,0x00000000d5a00000)
 ParOldGen       total 525824K, used 218902K [0x0000000080000000, 0x00000000a0180000, 0x00000000d5580000)
  object space 525824K, 41% used [0x0000000080000000,0x000000008d5c5938,0x00000000a0180000)
 Metaspace       used 62908K, committed 64320K, reserved 1114112K
  class space    used 6571K, committed 7168K, reserved 1048576K
}
Event: 349.776 GC heap after
{Heap after GC invocations=601 (full 3):
 PSYoungGen      total 3584K, used 416K [0x00000000d5580000, 0x00000000d5a00000, 0x0000000100000000)
  eden space 3072K, 0% used [0x00000000d5580000,0x00000000d5580000,0x00000000d5880000)
  from space 512K, 81% used [0x00000000d5980000,0x00000000d59e8000,0x00000000d5a00000)
  to   space 512K, 0% used [0x00000000d5900000,0x00000000d5900000,0x00000000d5980000)
 ParOldGen       total 525824K, used 218998K [0x0000000080000000, 0x00000000a0180000, 0x00000000d5580000)
  object space 525824K, 41% used [0x0000000080000000,0x000000008d5dd938,0x00000000a0180000)
 Metaspace       used 62908K, committed 64320K, reserved 1114112K
  class space    used 6571K, committed 7168K, reserved 1048576K
}

